  AccountUC.cpp
  BillsUC.cpp
  ChangePassword.cpp
  ContractorsUC.cpp
  CreateBill.cpp
  CreateContractor.cpp
  HistoryForm.cpp
  LoginForm.cpp
  MainForm.cpp
  PasswordForm.cpp
  PaymentUC.cpp
  RegisterForm.cpp
  RemoveBill.cpp
  SelectContractor.cpp
  SettingsUC.cpp
  TransferUC.cpp
  Generating Code...
BillsUC.obj : warning LNK4006: "class std::basic_string<char,struct std::char_traits<char>,class std::allocator<char> > DatabaseConfig::username" (?username@DatabaseConfig@@3V?$basic_string@DU?$char_traits@D@std@@V?$allocator@D@2@@std@@A) already defined in AccountUC.obj; second definition ignored
BillsUC.obj : warning LNK4006: "class std::basic_string<char,struct std::char_traits<char>,class std::allocator<char> > DatabaseConfig::database" (?database@DatabaseConfig@@3V?$basic_string@DU?$char_traits@D@std@@V?$allocator@D@2@@std@@A) already defined in AccountUC.obj; second definition ignored
BillsUC.obj : warning LNK4006: "class std::basic_string<char,struct std::char_traits<char>,class std::allocator<char> > DatabaseConfig::password" (?password@DatabaseConfig@@3V?$basic_string@DU?$char_traits@D@std@@V?$allocator@D@2@@std@@A) already defined in AccountUC.obj; second definition ignored
BillsUC.obj : warning LNK4006: "class std::basic_string<char,struct std::char_traits<char>,class std::allocator<char> > DatabaseConfig::sqlConnectionString" (?sqlConnectionString@DatabaseConfig@@3V?$basic_string@DU?$char_traits@D@std@@V?$allocator@D@2@@std@@A) already defined in AccountUC.obj; second definition ignored
BillsUC.obj : warning LNK4006: "class std::basic_string<char,struct std::char_traits<char>,class std::allocator<char> > DatabaseConfig::hostname" (?hostname@DatabaseConfig@@3V?$basic_string@DU?$char_traits@D@std@@V?$allocator@D@2@@std@@A) already defined in AccountUC.obj; second definition ignored
ChangePassword.obj : warning LNK4006: "class std::basic_string<char,struct std::char_traits<char>,class std::allocator<char> > DatabaseConfig::username" (?username@DatabaseConfig@@3V?$basic_string@DU?$char_traits@D@std@@V?$allocator@D@2@@std@@A) already defined in AccountUC.obj; second definition ignored
ChangePassword.obj : warning LNK4006: "class std::basic_string<char,struct std::char_traits<char>,class std::allocator<char> > DatabaseConfig::database" (?database@DatabaseConfig@@3V?$basic_string@DU?$char_traits@D@std@@V?$allocator@D@2@@std@@A) already defined in AccountUC.obj; second definition ignored
ChangePassword.obj : warning LNK4006: "class std::basic_string<char,struct std::char_traits<char>,class std::allocator<char> > DatabaseConfig::password" (?password@DatabaseConfig@@3V?$basic_string@DU?$char_traits@D@std@@V?$allocator@D@2@@std@@A) already defined in AccountUC.obj; second definition ignored
ChangePassword.obj : warning LNK4006: "class std::basic_string<char,struct std::char_traits<char>,class std::allocator<char> > DatabaseConfig::sqlConnectionString" (?sqlConnectionString@DatabaseConfig@@3V?$basic_string@DU?$char_traits@D@std@@V?$allocator@D@2@@std@@A) already defined in AccountUC.obj; second definition ignored
ChangePassword.obj : warning LNK4006: "class std::basic_string<char,struct std::char_traits<char>,class std::allocator<char> > DatabaseConfig::hostname" (?hostname@DatabaseConfig@@3V?$basic_string@DU?$char_traits@D@std@@V?$allocator@D@2@@std@@A) already defined in AccountUC.obj; second definition ignored
ContractorsUC.obj : warning LNK4006: "class std::basic_string<char,struct std::char_traits<char>,class std::allocator<char> > DatabaseConfig::username" (?username@DatabaseConfig@@3V?$basic_string@DU?$char_traits@D@std@@V?$allocator@D@2@@std@@A) already defined in AccountUC.obj; second definition ignored
ContractorsUC.obj : warning LNK4006: "class std::basic_string<char,struct std::char_traits<char>,class std::allocator<char> > DatabaseConfig::database" (?database@DatabaseConfig@@3V?$basic_string@DU?$char_traits@D@std@@V?$allocator@D@2@@std@@A) already defined in AccountUC.obj; second definition ignored
ContractorsUC.obj : warning LNK4006: "class std::basic_string<char,struct std::char_traits<char>,class std::allocator<char> > DatabaseConfig::password" (?password@DatabaseConfig@@3V?$basic_string@DU?$char_traits@D@std@@V?$allocator@D@2@@std@@A) already defined in AccountUC.obj; second definition ignored
ContractorsUC.obj : warning LNK4006: "class std::basic_string<char,struct std::char_traits<char>,class std::allocator<char> > DatabaseConfig::sqlConnectionString" (?sqlConnectionString@DatabaseConfig@@3V?$basic_string@DU?$char_traits@D@std@@V?$allocator@D@2@@std@@A) already defined in AccountUC.obj; second definition ignored
ContractorsUC.obj : warning LNK4006: "class std::basic_string<char,struct std::char_traits<char>,class std::allocator<char> > DatabaseConfig::hostname" (?hostname@DatabaseConfig@@3V?$basic_string@DU?$char_traits@D@std@@V?$allocator@D@2@@std@@A) already defined in AccountUC.obj; second definition ignored
CreateBill.obj : warning LNK4006: "class std::basic_string<char,struct std::char_traits<char>,class std::allocator<char> > DatabaseConfig::username" (?username@DatabaseConfig@@3V?$basic_string@DU?$char_traits@D@std@@V?$allocator@D@2@@std@@A) already defined in AccountUC.obj; second definition ignored
CreateBill.obj : warning LNK4006: "class std::basic_string<char,struct std::char_traits<char>,class std::allocator<char> > DatabaseConfig::database" (?database@DatabaseConfig@@3V?$basic_string@DU?$char_traits@D@std@@V?$allocator@D@2@@std@@A) already defined in AccountUC.obj; second definition ignored
CreateBill.obj : warning LNK4006: "class std::basic_string<char,struct std::char_traits<char>,class std::allocator<char> > DatabaseConfig::password" (?password@DatabaseConfig@@3V?$basic_string@DU?$char_traits@D@std@@V?$allocator@D@2@@std@@A) already defined in AccountUC.obj; second definition ignored
CreateBill.obj : warning LNK4006: "class std::basic_string<char,struct std::char_traits<char>,class std::allocator<char> > DatabaseConfig::sqlConnectionString" (?sqlConnectionString@DatabaseConfig@@3V?$basic_string@DU?$char_traits@D@std@@V?$allocator@D@2@@std@@A) already defined in AccountUC.obj; second definition ignored
CreateBill.obj : warning LNK4006: "class std::basic_string<char,struct std::char_traits<char>,class std::allocator<char> > DatabaseConfig::hostname" (?hostname@DatabaseConfig@@3V?$basic_string@DU?$char_traits@D@std@@V?$allocator@D@2@@std@@A) already defined in AccountUC.obj; second definition ignored
CreateContractor.obj : warning LNK4006: "class std::basic_string<char,struct std::char_traits<char>,class std::allocator<char> > DatabaseConfig::username" (?username@DatabaseConfig@@3V?$basic_string@DU?$char_traits@D@std@@V?$allocator@D@2@@std@@A) already defined in AccountUC.obj; second definition ignored
CreateContractor.obj : warning LNK4006: "class std::basic_string<char,struct std::char_traits<char>,class std::allocator<char> > DatabaseConfig::database" (?database@DatabaseConfig@@3V?$basic_string@DU?$char_traits@D@std@@V?$allocator@D@2@@std@@A) already defined in AccountUC.obj; second definition ignored
CreateContractor.obj : warning LNK4006: "class std::basic_string<char,struct std::char_traits<char>,class std::allocator<char> > DatabaseConfig::password" (?password@DatabaseConfig@@3V?$basic_string@DU?$char_traits@D@std@@V?$allocator@D@2@@std@@A) already defined in AccountUC.obj; second definition ignored
CreateContractor.obj : warning LNK4006: "class std::basic_string<char,struct std::char_traits<char>,class std::allocator<char> > DatabaseConfig::sqlConnectionString" (?sqlConnectionString@DatabaseConfig@@3V?$basic_string@DU?$char_traits@D@std@@V?$allocator@D@2@@std@@A) already defined in AccountUC.obj; second definition ignored
CreateContractor.obj : warning LNK4006: "class std::basic_string<char,struct std::char_traits<char>,class std::allocator<char> > DatabaseConfig::hostname" (?hostname@DatabaseConfig@@3V?$basic_string@DU?$char_traits@D@std@@V?$allocator@D@2@@std@@A) already defined in AccountUC.obj; second definition ignored
HistoryForm.obj : warning LNK4006: "class std::basic_string<char,struct std::char_traits<char>,class std::allocator<char> > DatabaseConfig::username" (?username@DatabaseConfig@@3V?$basic_string@DU?$char_traits@D@std@@V?$allocator@D@2@@std@@A) already defined in AccountUC.obj; second definition ignored
HistoryForm.obj : warning LNK4006: "class std::basic_string<char,struct std::char_traits<char>,class std::allocator<char> > DatabaseConfig::database" (?database@DatabaseConfig@@3V?$basic_string@DU?$char_traits@D@std@@V?$allocator@D@2@@std@@A) already defined in AccountUC.obj; second definition ignored
HistoryForm.obj : warning LNK4006: "class std::basic_string<char,struct std::char_traits<char>,class std::allocator<char> > DatabaseConfig::password" (?password@DatabaseConfig@@3V?$basic_string@DU?$char_traits@D@std@@V?$allocator@D@2@@std@@A) already defined in AccountUC.obj; second definition ignored
HistoryForm.obj : warning LNK4006: "class std::basic_string<char,struct std::char_traits<char>,class std::allocator<char> > DatabaseConfig::sqlConnectionString" (?sqlConnectionString@DatabaseConfig@@3V?$basic_string@DU?$char_traits@D@std@@V?$allocator@D@2@@std@@A) already defined in AccountUC.obj; second definition ignored
HistoryForm.obj : warning LNK4006: "class std::basic_string<char,struct std::char_traits<char>,class std::allocator<char> > DatabaseConfig::hostname" (?hostname@DatabaseConfig@@3V?$basic_string@DU?$char_traits@D@std@@V?$allocator@D@2@@std@@A) already defined in AccountUC.obj; second definition ignored
LoginForm.obj : warning LNK4006: "class std::basic_string<char,struct std::char_traits<char>,class std::allocator<char> > DatabaseConfig::username" (?username@DatabaseConfig@@3V?$basic_string@DU?$char_traits@D@std@@V?$allocator@D@2@@std@@A) already defined in AccountUC.obj; second definition ignored
LoginForm.obj : warning LNK4006: "class std::basic_string<char,struct std::char_traits<char>,class std::allocator<char> > DatabaseConfig::database" (?database@DatabaseConfig@@3V?$basic_string@DU?$char_traits@D@std@@V?$allocator@D@2@@std@@A) already defined in AccountUC.obj; second definition ignored
LoginForm.obj : warning LNK4006: "class std::basic_string<char,struct std::char_traits<char>,class std::allocator<char> > DatabaseConfig::password" (?password@DatabaseConfig@@3V?$basic_string@DU?$char_traits@D@std@@V?$allocator@D@2@@std@@A) already defined in AccountUC.obj; second definition ignored
LoginForm.obj : warning LNK4006: "class std::basic_string<char,struct std::char_traits<char>,class std::allocator<char> > DatabaseConfig::sqlConnectionString" (?sqlConnectionString@DatabaseConfig@@3V?$basic_string@DU?$char_traits@D@std@@V?$allocator@D@2@@std@@A) already defined in AccountUC.obj; second definition ignored
LoginForm.obj : warning LNK4006: "class std::basic_string<char,struct std::char_traits<char>,class std::allocator<char> > DatabaseConfig::hostname" (?hostname@DatabaseConfig@@3V?$basic_string@DU?$char_traits@D@std@@V?$allocator@D@2@@std@@A) already defined in AccountUC.obj; second definition ignored
MainForm.obj : warning LNK4006: "class std::basic_string<char,struct std::char_traits<char>,class std::allocator<char> > DatabaseConfig::username" (?username@DatabaseConfig@@3V?$basic_string@DU?$char_traits@D@std@@V?$allocator@D@2@@std@@A) already defined in AccountUC.obj; second definition ignored
MainForm.obj : warning LNK4006: "class std::basic_string<char,struct std::char_traits<char>,class std::allocator<char> > DatabaseConfig::database" (?database@DatabaseConfig@@3V?$basic_string@DU?$char_traits@D@std@@V?$allocator@D@2@@std@@A) already defined in AccountUC.obj; second definition ignored
MainForm.obj : warning LNK4006: "class std::basic_string<char,struct std::char_traits<char>,class std::allocator<char> > DatabaseConfig::password" (?password@DatabaseConfig@@3V?$basic_string@DU?$char_traits@D@std@@V?$allocator@D@2@@std@@A) already defined in AccountUC.obj; second definition ignored
MainForm.obj : warning LNK4006: "class std::basic_string<char,struct std::char_traits<char>,class std::allocator<char> > DatabaseConfig::sqlConnectionString" (?sqlConnectionString@DatabaseConfig@@3V?$basic_string@DU?$char_traits@D@std@@V?$allocator@D@2@@std@@A) already defined in AccountUC.obj; second definition ignored
MainForm.obj : warning LNK4006: "class std::basic_string<char,struct std::char_traits<char>,class std::allocator<char> > DatabaseConfig::hostname" (?hostname@DatabaseConfig@@3V?$basic_string@DU?$char_traits@D@std@@V?$allocator@D@2@@std@@A) already defined in AccountUC.obj; second definition ignored
PasswordForm.obj : warning LNK4006: "class std::basic_string<char,struct std::char_traits<char>,class std::allocator<char> > DatabaseConfig::username" (?username@DatabaseConfig@@3V?$basic_string@DU?$char_traits@D@std@@V?$allocator@D@2@@std@@A) already defined in AccountUC.obj; second definition ignored
PasswordForm.obj : warning LNK4006: "class std::basic_string<char,struct std::char_traits<char>,class std::allocator<char> > DatabaseConfig::database" (?database@DatabaseConfig@@3V?$basic_string@DU?$char_traits@D@std@@V?$allocator@D@2@@std@@A) already defined in AccountUC.obj; second definition ignored
PasswordForm.obj : warning LNK4006: "class std::basic_string<char,struct std::char_traits<char>,class std::allocator<char> > DatabaseConfig::password" (?password@DatabaseConfig@@3V?$basic_string@DU?$char_traits@D@std@@V?$allocator@D@2@@std@@A) already defined in AccountUC.obj; second definition ignored
PasswordForm.obj : warning LNK4006: "class std::basic_string<char,struct std::char_traits<char>,class std::allocator<char> > DatabaseConfig::sqlConnectionString" (?sqlConnectionString@DatabaseConfig@@3V?$basic_string@DU?$char_traits@D@std@@V?$allocator@D@2@@std@@A) already defined in AccountUC.obj; second definition ignored
PasswordForm.obj : warning LNK4006: "class std::basic_string<char,struct std::char_traits<char>,class std::allocator<char> > DatabaseConfig::hostname" (?hostname@DatabaseConfig@@3V?$basic_string@DU?$char_traits@D@std@@V?$allocator@D@2@@std@@A) already defined in AccountUC.obj; second definition ignored
PaymentUC.obj : warning LNK4006: "class std::basic_string<char,struct std::char_traits<char>,class std::allocator<char> > DatabaseConfig::username" (?username@DatabaseConfig@@3V?$basic_string@DU?$char_traits@D@std@@V?$allocator@D@2@@std@@A) already defined in AccountUC.obj; second definition ignored
PaymentUC.obj : warning LNK4006: "class std::basic_string<char,struct std::char_traits<char>,class std::allocator<char> > DatabaseConfig::database" (?database@DatabaseConfig@@3V?$basic_string@DU?$char_traits@D@std@@V?$allocator@D@2@@std@@A) already defined in AccountUC.obj; second definition ignored
PaymentUC.obj : warning LNK4006: "class std::basic_string<char,struct std::char_traits<char>,class std::allocator<char> > DatabaseConfig::password" (?password@DatabaseConfig@@3V?$basic_string@DU?$char_traits@D@std@@V?$allocator@D@2@@std@@A) already defined in AccountUC.obj; second definition ignored
PaymentUC.obj : warning LNK4006: "class std::basic_string<char,struct std::char_traits<char>,class std::allocator<char> > DatabaseConfig::sqlConnectionString" (?sqlConnectionString@DatabaseConfig@@3V?$basic_string@DU?$char_traits@D@std@@V?$allocator@D@2@@std@@A) already defined in AccountUC.obj; second definition ignored
PaymentUC.obj : warning LNK4006: "class std::basic_string<char,struct std::char_traits<char>,class std::allocator<char> > DatabaseConfig::hostname" (?hostname@DatabaseConfig@@3V?$basic_string@DU?$char_traits@D@std@@V?$allocator@D@2@@std@@A) already defined in AccountUC.obj; second definition ignored
RegisterForm.obj : warning LNK4006: "class std::basic_string<char,struct std::char_traits<char>,class std::allocator<char> > DatabaseConfig::username" (?username@DatabaseConfig@@3V?$basic_string@DU?$char_traits@D@std@@V?$allocator@D@2@@std@@A) already defined in AccountUC.obj; second definition ignored
RegisterForm.obj : warning LNK4006: "class std::basic_string<char,struct std::char_traits<char>,class std::allocator<char> > DatabaseConfig::database" (?database@DatabaseConfig@@3V?$basic_string@DU?$char_traits@D@std@@V?$allocator@D@2@@std@@A) already defined in AccountUC.obj; second definition ignored
RegisterForm.obj : warning LNK4006: "class std::basic_string<char,struct std::char_traits<char>,class std::allocator<char> > DatabaseConfig::password" (?password@DatabaseConfig@@3V?$basic_string@DU?$char_traits@D@std@@V?$allocator@D@2@@std@@A) already defined in AccountUC.obj; second definition ignored
RegisterForm.obj : warning LNK4006: "class std::basic_string<char,struct std::char_traits<char>,class std::allocator<char> > DatabaseConfig::sqlConnectionString" (?sqlConnectionString@DatabaseConfig@@3V?$basic_string@DU?$char_traits@D@std@@V?$allocator@D@2@@std@@A) already defined in AccountUC.obj; second definition ignored
RegisterForm.obj : warning LNK4006: "class std::basic_string<char,struct std::char_traits<char>,class std::allocator<char> > DatabaseConfig::hostname" (?hostname@DatabaseConfig@@3V?$basic_string@DU?$char_traits@D@std@@V?$allocator@D@2@@std@@A) already defined in AccountUC.obj; second definition ignored
RemoveBill.obj : warning LNK4006: "class std::basic_string<char,struct std::char_traits<char>,class std::allocator<char> > DatabaseConfig::username" (?username@DatabaseConfig@@3V?$basic_string@DU?$char_traits@D@std@@V?$allocator@D@2@@std@@A) already defined in AccountUC.obj; second definition ignored
RemoveBill.obj : warning LNK4006: "class std::basic_string<char,struct std::char_traits<char>,class std::allocator<char> > DatabaseConfig::database" (?database@DatabaseConfig@@3V?$basic_string@DU?$char_traits@D@std@@V?$allocator@D@2@@std@@A) already defined in AccountUC.obj; second definition ignored
RemoveBill.obj : warning LNK4006: "class std::basic_string<char,struct std::char_traits<char>,class std::allocator<char> > DatabaseConfig::password" (?password@DatabaseConfig@@3V?$basic_string@DU?$char_traits@D@std@@V?$allocator@D@2@@std@@A) already defined in AccountUC.obj; second definition ignored
RemoveBill.obj : warning LNK4006: "class std::basic_string<char,struct std::char_traits<char>,class std::allocator<char> > DatabaseConfig::sqlConnectionString" (?sqlConnectionString@DatabaseConfig@@3V?$basic_string@DU?$char_traits@D@std@@V?$allocator@D@2@@std@@A) already defined in AccountUC.obj; second definition ignored
RemoveBill.obj : warning LNK4006: "class std::basic_string<char,struct std::char_traits<char>,class std::allocator<char> > DatabaseConfig::hostname" (?hostname@DatabaseConfig@@3V?$basic_string@DU?$char_traits@D@std@@V?$allocator@D@2@@std@@A) already defined in AccountUC.obj; second definition ignored
SelectContractor.obj : warning LNK4006: "class std::basic_string<char,struct std::char_traits<char>,class std::allocator<char> > DatabaseConfig::username" (?username@DatabaseConfig@@3V?$basic_string@DU?$char_traits@D@std@@V?$allocator@D@2@@std@@A) already defined in AccountUC.obj; second definition ignored
SelectContractor.obj : warning LNK4006: "class std::basic_string<char,struct std::char_traits<char>,class std::allocator<char> > DatabaseConfig::database" (?database@DatabaseConfig@@3V?$basic_string@DU?$char_traits@D@std@@V?$allocator@D@2@@std@@A) already defined in AccountUC.obj; second definition ignored
SelectContractor.obj : warning LNK4006: "class std::basic_string<char,struct std::char_traits<char>,class std::allocator<char> > DatabaseConfig::password" (?password@DatabaseConfig@@3V?$basic_string@DU?$char_traits@D@std@@V?$allocator@D@2@@std@@A) already defined in AccountUC.obj; second definition ignored
SelectContractor.obj : warning LNK4006: "class std::basic_string<char,struct std::char_traits<char>,class std::allocator<char> > DatabaseConfig::sqlConnectionString" (?sqlConnectionString@DatabaseConfig@@3V?$basic_string@DU?$char_traits@D@std@@V?$allocator@D@2@@std@@A) already defined in AccountUC.obj; second definition ignored
SelectContractor.obj : warning LNK4006: "class std::basic_string<char,struct std::char_traits<char>,class std::allocator<char> > DatabaseConfig::hostname" (?hostname@DatabaseConfig@@3V?$basic_string@DU?$char_traits@D@std@@V?$allocator@D@2@@std@@A) already defined in AccountUC.obj; second definition ignored
SettingsUC.obj : warning LNK4006: "class std::basic_string<char,struct std::char_traits<char>,class std::allocator<char> > DatabaseConfig::username" (?username@DatabaseConfig@@3V?$basic_string@DU?$char_traits@D@std@@V?$allocator@D@2@@std@@A) already defined in AccountUC.obj; second definition ignored
SettingsUC.obj : warning LNK4006: "class std::basic_string<char,struct std::char_traits<char>,class std::allocator<char> > DatabaseConfig::database" (?database@DatabaseConfig@@3V?$basic_string@DU?$char_traits@D@std@@V?$allocator@D@2@@std@@A) already defined in AccountUC.obj; second definition ignored
SettingsUC.obj : warning LNK4006: "class std::basic_string<char,struct std::char_traits<char>,class std::allocator<char> > DatabaseConfig::password" (?password@DatabaseConfig@@3V?$basic_string@DU?$char_traits@D@std@@V?$allocator@D@2@@std@@A) already defined in AccountUC.obj; second definition ignored
SettingsUC.obj : warning LNK4006: "class std::basic_string<char,struct std::char_traits<char>,class std::allocator<char> > DatabaseConfig::sqlConnectionString" (?sqlConnectionString@DatabaseConfig@@3V?$basic_string@DU?$char_traits@D@std@@V?$allocator@D@2@@std@@A) already defined in AccountUC.obj; second definition ignored
SettingsUC.obj : warning LNK4006: "class std::basic_string<char,struct std::char_traits<char>,class std::allocator<char> > DatabaseConfig::hostname" (?hostname@DatabaseConfig@@3V?$basic_string@DU?$char_traits@D@std@@V?$allocator@D@2@@std@@A) already defined in AccountUC.obj; second definition ignored
TransferUC.obj : warning LNK4006: "class std::basic_string<char,struct std::char_traits<char>,class std::allocator<char> > DatabaseConfig::username" (?username@DatabaseConfig@@3V?$basic_string@DU?$char_traits@D@std@@V?$allocator@D@2@@std@@A) already defined in AccountUC.obj; second definition ignored
TransferUC.obj : warning LNK4006: "class std::basic_string<char,struct std::char_traits<char>,class std::allocator<char> > DatabaseConfig::database" (?database@DatabaseConfig@@3V?$basic_string@DU?$char_traits@D@std@@V?$allocator@D@2@@std@@A) already defined in AccountUC.obj; second definition ignored
TransferUC.obj : warning LNK4006: "class std::basic_string<char,struct std::char_traits<char>,class std::allocator<char> > DatabaseConfig::password" (?password@DatabaseConfig@@3V?$basic_string@DU?$char_traits@D@std@@V?$allocator@D@2@@std@@A) already defined in AccountUC.obj; second definition ignored
TransferUC.obj : warning LNK4006: "class std::basic_string<char,struct std::char_traits<char>,class std::allocator<char> > DatabaseConfig::sqlConnectionString" (?sqlConnectionString@DatabaseConfig@@3V?$basic_string@DU?$char_traits@D@std@@V?$allocator@D@2@@std@@A) already defined in AccountUC.obj; second definition ignored
TransferUC.obj : warning LNK4006: "class std::basic_string<char,struct std::char_traits<char>,class std::allocator<char> > DatabaseConfig::hostname" (?hostname@DatabaseConfig@@3V?$basic_string@DU?$char_traits@D@std@@V?$allocator@D@2@@std@@A) already defined in AccountUC.obj; second definition ignored
E:\AGHBankApp\src\x64\Release\AGHBank.exe : warning LNK4088: image being generated due to /FORCE option; image may not run
  AGHBank.vcxproj -> E:\AGHBankApp\src\x64\Release\AGHBank.exe
